<?xml version="1.0" encoding="UTF-8"?>
<!-- Generated by org.testng.reporters.JUnitXMLReporter -->
<testsuite hostname="Illya-PC" name="BAT" tests="28" failures="5" timestamp="20 Jun 2014 06:03:51 GMT" time="3173.298" errors="0">
  <testcase name="testMKAdminEarningsPage" time="103.567" classname="com.example.test.MKAdminPagesLoggedInProd"/>
  <testcase name="testMKAdminInvitationsPage" time="91.197" classname="com.example.test.MKAdminPagesLoggedInProd"/>
  <testcase name="testMKAdminOOSKitsPage" time="86.794" classname="com.example.test.MKAdminPagesLoggedInProd"/>
  <testcase name="testMKAdminSubaffiliatesPage" time="82.888" classname="com.example.test.MKAdminPagesLoggedInProd"/>
  <testcase name="testMKAdminUsersPage" time="138.222" classname="com.example.test.MKAdminPagesLoggedInProd">
    <failure type="org.junit.ComparisonFailure" message="expected:&amp;lt;[Alex]&amp;gt; but was:&amp;lt;[(mysticalbasket@gmail)]&amp;gt;">
      <![CDATA[org.junit.ComparisonFailure: expected:<[Alex]> but was:<[(mysticalbasket@gmail)]>
	at org.junit.Assert.assertEquals(Assert.java:115)
	at org.junit.Assert.assertEquals(Assert.java:144)
	at com.example.test.MKAdminPagesLoggedInProd.testMKAdminUsersPage(MKAdminPagesLoggedInProd.java:539)
... Removed 24 stack frames]]>
    </failure>
  </testcase> <!-- testMKAdminUsersPage -->
  <testcase name="testMKAdminWarnedKitsPage" time="95.686" classname="com.example.test.MKAdminPagesLoggedInProd"/>
  <testcase name="testMKAdminUseANewInvitation" time="129.241" classname="com.example.test.MKAdminCreateANewInvitationProd">
    <failure type="org.openqa.selenium.NoSuchElementException" message="Unable to locate element: {&amp;quot;method&amp;quot;:&amp;quot;xpath&amp;quot;,&amp;quot;selector&amp;quot;:&amp;quot;//div[@id=&amp;apos;uvTab&amp;apos;]/../div[2]/form/input[2]&amp;quot;}
Command duration or timeout: 30.07 seconds
For documentation on this error, please visit: http://seleniumhq.org/exceptions/no_such_element.html
Build info: version: &amp;apos;2.41.0&amp;apos;, revision: &amp;apos;3192d8a&amp;apos;, time: &amp;apos;2014-03-27 17:18:15&amp;apos;
System info: host: &amp;apos;Illya-PC&amp;apos;, ip: &amp;apos;192.168.0.87&amp;apos;, os.name: &amp;apos;Windows 7&amp;apos;, os.arch: &amp;apos;amd64&amp;apos;, os.version: &amp;apos;6.1&amp;apos;, java.version: &amp;apos;1.7.0_55&amp;apos;
Session ID: c09a3d50-19af-4de3-b6a5-632e32f2b374
Driver info: org.openqa.selenium.firefox.FirefoxDriver
Capabilities [{platform=XP, acceptSslCerts=true, javascriptEnabled=true, cssSelectorsEnabled=true, databaseEnabled=true, browserName=firefox, handlesAlerts=true, browserConnectionEnabled=true, webStorageEnabled=true, nativeEvents=false, rotatable=false, locationContextEnabled=true, applicationCacheEnabled=true, takesScreenshot=true, version=30.0}]">
      <![CDATA[org.openqa.selenium.NoSuchElementException: Unable to locate element: {"method":"xpath","selector":"//div[@id='uvTab']/../div[2]/form/input[2]"}
Command duration or timeout: 30.07 seconds
For documentation on this error, please visit: http://seleniumhq.org/exceptions/no_such_element.html
Build info: version: '2.41.0', revision: '3192d8a', time: '2014-03-27 17:18:15'
System info: host: 'Illya-PC', ip: '192.168.0.87', os.name: 'Windows 7', os.arch: 'amd64', os.version: '6.1', java.version: '1.7.0_55'
Session ID: c09a3d50-19af-4de3-b6a5-632e32f2b374
Driver info: org.openqa.selenium.firefox.FirefoxDriver
Capabilities [{platform=XP, acceptSslCerts=true, javascriptEnabled=true, cssSelectorsEnabled=true, databaseEnabled=true, browserName=firefox, handlesAlerts=true, browserConnectionEnabled=true, webStorageEnabled=true, nativeEvents=false, rotatable=false, locationContextEnabled=true, applicationCacheEnabled=true, takesScreenshot=true, version=30.0}]
	at org.openqa.selenium.remote.ErrorHandler.createThrowable(ErrorHandler.java:193)
	at org.openqa.selenium.remote.ErrorHandler.throwIfResponseFailed(ErrorHandler.java:145)
	at org.openqa.selenium.remote.RemoteWebDriver.execute(RemoteWebDriver.java:595)
	at org.openqa.selenium.remote.RemoteWebDriver.findElement(RemoteWebDriver.java:348)
	at org.openqa.selenium.remote.RemoteWebDriver.findElementByXPath(RemoteWebDriver.java:445)
	at org.openqa.selenium.By$ByXPath.findElement(By.java:357)
	at org.openqa.selenium.remote.RemoteWebDriver.findElement(RemoteWebDriver.java:340)
	at com.example.test.MKAdminCreateANewInvitationProd.testMKAdminUseANewInvitation(MKAdminCreateANewInvitationProd.java:87)
Caused by: org.openqa.selenium.remote.ErrorHandler$UnknownServerException: Unable to locate element: {"method":"xpath","selector":"//div[@id='uvTab']/../div[2]/form/input[2]"}
Build info: version: '2.41.0', revision: '3192d8a', time: '2014-03-27 17:18:15'
System info: host: 'Illya-PC', ip: '192.168.0.87', os.name: 'Windows 7', os.arch: 'amd64', os.version: '6.1', java.version: '1.7.0_55'
Driver info: driver.version: unknown
	at <anonymous class>.FirefoxDriver.prototype.findElementInternal_(file:///C:/Users/Illya/AppData/Local/Temp/anonymous2799781292456557410webdriver-profile/extensions/fxdriver@googlecode.com/components/driver_component.js:8905:7)
	at <anonymous class>.fxdriver.Timer.prototype.setTimeout/<.notify(file:///C:/Users/Illya/AppData/Local/Temp/anonymous2799781292456557410webdriver-profile/extensions/fxdriver@googlecode.com/components/driver_component.js:396:5)
... Removed 28 stack frames]]>
    </failure>
  </testcase> <!-- testMKAdminUseANewInvitation -->
  <testcase name="testRegisterWithClaimedInvitation" time="31.523" classname="com.example.test.MKAdminCreateANewInvitationProd"/>
  <testcase name="testRegisterWithExpiredInvitation" time="46.613" classname="com.example.test.MKAdminCreateANewInvitationProd"/>
  <testcase name="testSearchKitsAboutDropdownNotLoggedIn" time="170.994" classname="com.example.test.SearchKitsAboutDropdownNotLoggedInProd"/>
  <testcase name="testSearchKitsHelpDropdownNotLoggedIn" time="40.109" classname="com.example.test.SearchKitsHelpDropdownNotLoggedInProd"/>
  <testcase name="testSearchKitsCategories" time="42.135" classname="com.example.test.MKSearchKitsCategoriesProd"/>
  <testcase name="testSearchKitsSubCategories" time="352.298" classname="com.example.test.SearchKitsSubCategoriesProd"/>
  <testcase name="testSearchKitAgeDifficulty" time="21.811" classname="com.example.test.SearchKitAgeDifficultyTimeProd"/>
  <testcase name="testSearchKitCostTime" time="83.027" classname="com.example.test.SearchKitAgeDifficultyTimeProd"/>
  <testcase name="testSearchKitSocialMedia" time="18.594" classname="com.example.test.SearchKitAgeDifficultyTimeProd"/>
  <testcase name="testSearchKitBottomPage" time="18.563" classname="com.example.test.SearchKitOtherLinksAndLablesProd"/>
  <testcase name="testSearchKitUpperLabels" time="20.082" classname="com.example.test.SearchKitOtherLinksAndLablesProd"/>
  <testcase name="testOrderKitMaterialsPage" time="37.126" classname="com.example.test.OrderKitMaterialsPageProd">
    <failure type="org.junit.ComparisonFailure" message="expected:&amp;lt;Age Group: Teen[]&amp;gt; but was:&amp;lt;Age Group: Teen[s &amp;amp; Older]&amp;gt;">
      <![CDATA[org.junit.ComparisonFailure: expected:<Age Group: Teen[]> but was:<Age Group: Teen[s & Older]>
	at org.junit.Assert.assertEquals(Assert.java:115)
	at org.junit.Assert.assertEquals(Assert.java:144)
	at com.example.test.OrderKitMaterialsPageProd.testOrderKitMaterialsPage(OrderKitMaterialsPageProd.java:201)
... Removed 24 stack frames]]>
    </failure>
  </testcase> <!-- testOrderKitMaterialsPage -->
  <testcase name="testOrderKitToolsPage" time="40.892" classname="com.example.test.OrderKitToolsPageProd">
    <failure type="org.junit.ComparisonFailure" message="expected:&amp;lt;Age Group: Teen[s &amp;amp; Older]&amp;gt; but was:&amp;lt;Age Group: Teen[]&amp;gt;">
      <![CDATA[org.junit.ComparisonFailure: expected:<Age Group: Teen[s & Older]> but was:<Age Group: Teen[]>
	at org.junit.Assert.assertEquals(Assert.java:115)
	at org.junit.Assert.assertEquals(Assert.java:144)
	at com.example.test.OrderKitToolsPageProd.testOrderKitToolsPage(OrderKitToolsPageProd.java:221)
... Removed 24 stack frames]]>
    </failure>
  </testcase> <!-- testOrderKitToolsPage -->
  <testcase name="testOrderKitInstructionsPage" time="62.803" classname="com.example.test.OrderKitInstructionsPageProd">
    <failure type="org.openqa.selenium.NoSuchElementException" message="Unable to locate element: {&amp;quot;method&amp;quot;:&amp;quot;xpath&amp;quot;,&amp;quot;selector&amp;quot;:&amp;quot;//div[@id=&amp;apos;kit_detail&amp;apos;]//div/div/h4&amp;quot;}
Command duration or timeout: 30.74 seconds
For documentation on this error, please visit: http://seleniumhq.org/exceptions/no_such_element.html
Build info: version: &amp;apos;2.41.0&amp;apos;, revision: &amp;apos;3192d8a&amp;apos;, time: &amp;apos;2014-03-27 17:18:15&amp;apos;
System info: host: &amp;apos;Illya-PC&amp;apos;, ip: &amp;apos;192.168.0.87&amp;apos;, os.name: &amp;apos;Windows 7&amp;apos;, os.arch: &amp;apos;amd64&amp;apos;, os.version: &amp;apos;6.1&amp;apos;, java.version: &amp;apos;1.7.0_55&amp;apos;
Session ID: 9ae2b897-39a0-494f-ac08-d82f23bc6857
Driver info: org.openqa.selenium.firefox.FirefoxDriver
Capabilities [{platform=XP, acceptSslCerts=true, javascriptEnabled=true, cssSelectorsEnabled=true, databaseEnabled=true, browserName=firefox, handlesAlerts=true, browserConnectionEnabled=true, webStorageEnabled=true, nativeEvents=false, rotatable=false, locationContextEnabled=true, applicationCacheEnabled=true, takesScreenshot=true, version=30.0}]">
      <![CDATA[org.openqa.selenium.NoSuchElementException: Unable to locate element: {"method":"xpath","selector":"//div[@id='kit_detail']//div/div/h4"}
Command duration or timeout: 30.74 seconds
For documentation on this error, please visit: http://seleniumhq.org/exceptions/no_such_element.html
Build info: version: '2.41.0', revision: '3192d8a', time: '2014-03-27 17:18:15'
System info: host: 'Illya-PC', ip: '192.168.0.87', os.name: 'Windows 7', os.arch: 'amd64', os.version: '6.1', java.version: '1.7.0_55'
Session ID: 9ae2b897-39a0-494f-ac08-d82f23bc6857
Driver info: org.openqa.selenium.firefox.FirefoxDriver
Capabilities [{platform=XP, acceptSslCerts=true, javascriptEnabled=true, cssSelectorsEnabled=true, databaseEnabled=true, browserName=firefox, handlesAlerts=true, browserConnectionEnabled=true, webStorageEnabled=true, nativeEvents=false, rotatable=false, locationContextEnabled=true, applicationCacheEnabled=true, takesScreenshot=true, version=30.0}]
	at org.openqa.selenium.remote.ErrorHandler.createThrowable(ErrorHandler.java:193)
	at org.openqa.selenium.remote.ErrorHandler.throwIfResponseFailed(ErrorHandler.java:145)
	at org.openqa.selenium.remote.RemoteWebDriver.execute(RemoteWebDriver.java:595)
	at org.openqa.selenium.remote.RemoteWebDriver.findElement(RemoteWebDriver.java:348)
	at org.openqa.selenium.remote.RemoteWebDriver.findElementByXPath(RemoteWebDriver.java:445)
	at org.openqa.selenium.By$ByXPath.findElement(By.java:357)
	at org.openqa.selenium.remote.RemoteWebDriver.findElement(RemoteWebDriver.java:340)
	at com.example.test.OrderKitInstructionsPageProd.testOrderKitInstructionsPage(OrderKitInstructionsPageProd.java:61)
Caused by: org.openqa.selenium.remote.ErrorHandler$UnknownServerException: Unable to locate element: {"method":"xpath","selector":"//div[@id='kit_detail']//div/div/h4"}
Build info: version: '2.41.0', revision: '3192d8a', time: '2014-03-27 17:18:15'
System info: host: 'Illya-PC', ip: '192.168.0.87', os.name: 'Windows 7', os.arch: 'amd64', os.version: '6.1', java.version: '1.7.0_55'
Driver info: driver.version: unknown
	at <anonymous class>.FirefoxDriver.prototype.findElementInternal_(file:///C:/Users/Illya/AppData/Local/Temp/anonymous7182311349647879174webdriver-profile/extensions/fxdriver@googlecode.com/components/driver_component.js:8905:7)
	at <anonymous class>.fxdriver.Timer.prototype.setTimeout/<.notify(file:///C:/Users/Illya/AppData/Local/Temp/anonymous7182311349647879174webdriver-profile/extensions/fxdriver@googlecode.com/components/driver_component.js:396:5)
... Removed 28 stack frames]]>
    </failure>
  </testcase> <!-- testOrderKitInstructionsPage -->
  <testcase name="testCreateAKit" time="253.59" classname="com.example.test.MkCreateNewKitDeployProd"/>
  <testcase name="testMKSearchByCategory" time="44.548" classname="com.example.test.MKSearchForKitProd"/>
  <testcase name="testMKSearchByRecommendedNowTrendingKits" time="40.778" classname="com.example.test.MKSearchForKitProd"/>
  <testcase name="testMKSearchForKitByKitterName" time="254.825" classname="com.example.test.MKSearchForKitProd"/>
  <testcase name="testSearchForKitByString" time="46.954" classname="com.example.test.MKSearchForKitProd"/>
  <testcase name="testMKBuyAKitLoggedIn" time="155.4" classname="com.example.test.MKBuyAKitProd"/>
  <testcase name="testMKBuyAKitNotLoggedIn" time="55.535" classname="com.example.test.MKBuyAKitProd"/>
</testsuite> <!-- BAT -->
