<html>
<head>
<title>TestNG:  BAT</title>
<link href="../testng.css" rel="stylesheet" type="text/css" />
<link href="../my-testng.css" rel="stylesheet" type="text/css" />

<style type="text/css">
.log { display: none;} 
.stack-trace { display: none;} 
</style>
<script type="text/javascript">
<!--
function flip(e) {
  current = e.style.display;
  if (current == 'block') {
    e.style.display = 'none';
    return 0;
  }
  else {
    e.style.display = 'block';
    return 1;
  }
}

function toggleBox(szDivId, elem, msg1, msg2)
{
  var res = -1;  if (document.getElementById) {
    res = flip(document.getElementById(szDivId));
  }
  else if (document.all) {
    // this is the way old msie versions work
    res = flip(document.all[szDivId]);
  }
  if(elem) {
    if(res == 0) elem.innerHTML = msg1; else elem.innerHTML = msg2;
  }

}

function toggleAllBoxes() {
  if (document.getElementsByTagName) {
    d = document.getElementsByTagName('div');
    for (i = 0; i < d.length; i++) {
      if (d[i].className == 'log') {
        flip(d[i]);
      }
    }
  }
}

// -->
</script>

</head>
<body>
<h2 align='center'>BAT</h2><table border='1' align="center">
<tr>
<td>Tests passed/Failed/Skipped:</td><td>23/5/0</td>
</tr><tr>
<td>Started on:</td><td>Thu Jun 19 22:10:57 PDT 2014</td>
</tr>
<tr><td>Total time:</td><td>3173 seconds (3173298 ms)</td>
</tr><tr>
<td>Included groups:</td><td></td>
</tr><tr>
<td>Excluded groups:</td><td></td>
</tr>
</table><p/>
<small><i>(Hover the method name to see the test class name)</i></small><p/>
<table width='100%' border='1' class='invocation-failed'>
<tr><td colspan='4' align='center'><b>FAILED TESTS</b></td></tr>
<tr><td><b>Test method</b></td>
<td width="30%"><b>Exception</b></td>
<td width="10%"><b>Time (seconds)</b></td>
<td><b>Instance</b></td>
</tr>
<tr>
<td title='com.example.test.MKAdminCreateANewInvitationProd.testMKAdminUseANewInvitation()'><b>testMKAdminUseANewInvitation</b><br>Test class: com.example.test.MKAdminCreateANewInvitationProd</td>
<td><div><pre>org.openqa.selenium.NoSuchElementException: Unable to locate element: {&quot;method&quot;:&quot;xpath&quot;,&quot;selector&quot;:&quot;//div[@id=&apos;uvTab&apos;]/../div[2]/form/input[2]&quot;}
Command duration or timeout: 30.07 seconds
For documentation on this error, please visit: http://seleniumhq.org/exceptions/no_such_element.html
Build info: version: &apos;2.41.0&apos;, revision: &apos;3192d8a&apos;, time: &apos;2014-03-27 17:18:15&apos;
System info: host: &apos;Illya-PC&apos;, ip: &apos;192.168.0.87&apos;, os.name: &apos;Windows 7&apos;, os.arch: &apos;amd64&apos;, os.version: &apos;6.1&apos;, java.version: &apos;1.7.0_55&apos;
Session ID: c09a3d50-19af-4de3-b6a5-632e32f2b374
Driver info: org.openqa.selenium.firefox.FirefoxDriver
Capabilities [{platform=XP, acceptSslCerts=true, javascriptEnabled=true, cssSelectorsEnabled=true, databaseEnabled=true, browserName=firefox, handlesAlerts=true, browserConnectionEnabled=true, webStorageEnabled=true, nativeEvents=false, rotatable=false, locationContextEnabled=true, applicationCacheEnabled=true, takesScreenshot=true, version=30.0}]
	at org.openqa.selenium.remote.ErrorHandler.createThrowable(ErrorHandler.java:193)
	at org.openqa.selenium.remote.ErrorHandler.throwIfResponseFailed(ErrorHandler.java:145)
	at org.openqa.selenium.remote.RemoteWebDriver.execute(RemoteWebDriver.java:595)
	at org.openqa.selenium.remote.RemoteWebDriver.findElement(RemoteWebDriver.java:348)
	at org.openqa.selenium.remote.RemoteWebDriver.findElementByXPath(RemoteWebDriver.java:445)
	at org.openqa.selenium.By$ByXPath.findElement(By.java:357)
	at org.openqa.selenium.remote.RemoteWebDriver.findElement(RemoteWebDriver.java:340)
	at com.example.test.MKAdminCreateANewInvitationProd.testMKAdminUseANewInvitation(MKAdminCreateANewInvitationProd.java:87)
Caused by: org.openqa.selenium.remote.ErrorHandler$UnknownServerException: Unable to locate element: {&quot;method&quot;:&quot;xpath&quot;,&quot;selector&quot;:&quot;//div[@id=&apos;uvTab&apos;]/../div[2]/form/input[2]&quot;}
Build info: version: &apos;2.41.0&apos;, revision: &apos;3192d8a&apos;, time: &apos;2014-03-27 17:18:15&apos;
System info: host: &apos;Illya-PC&apos;, ip: &apos;192.168.0.87&apos;, os.name: &apos;Windows 7&apos;, os.arch: &apos;amd64&apos;, os.version: &apos;6.1&apos;, java.version: &apos;1.7.0_55&apos;
Driver info: driver.version: unknown
	at &lt;anonymous class&gt;.FirefoxDriver.prototype.findElementInternal_(file:///C:/Users/Illya/AppData/Local/Temp/anonymous2799781292456557410webdriver-profile/extensions/fxdriver@googlecode.com/components/driver_component.js:8905:7)
	at &lt;anonymous class&gt;.fxdriver.Timer.prototype.setTimeout/&lt;.notify(file:///C:/Users/Illya/AppData/Local/Temp/anonymous2799781292456557410webdriver-profile/extensions/fxdriver@googlecode.com/components/driver_component.js:396:5)
... Removed 28 stack frames</pre></div><a href='#' onClick='toggleBox("stack-trace1491851079", this, "Click to show all stack frames", "Click to hide stack frames")'>Click to show all stack frames</a>
<div class='stack-trace' id='stack-trace1491851079'><pre>org.openqa.selenium.NoSuchElementException: Unable to locate element: {&quot;method&quot;:&quot;xpath&quot;,&quot;selector&quot;:&quot;//div[@id=&apos;uvTab&apos;]/../div[2]/form/input[2]&quot;}
Command duration or timeout: 30.07 seconds
For documentation on this error, please visit: http://seleniumhq.org/exceptions/no_such_element.html
Build info: version: &apos;2.41.0&apos;, revision: &apos;3192d8a&apos;, time: &apos;2014-03-27 17:18:15&apos;
System info: host: &apos;Illya-PC&apos;, ip: &apos;192.168.0.87&apos;, os.name: &apos;Windows 7&apos;, os.arch: &apos;amd64&apos;, os.version: &apos;6.1&apos;, java.version: &apos;1.7.0_55&apos;
Session ID: c09a3d50-19af-4de3-b6a5-632e32f2b374
Driver info: org.openqa.selenium.firefox.FirefoxDriver
Capabilities [{platform=XP, acceptSslCerts=true, javascriptEnabled=true, cssSelectorsEnabled=true, databaseEnabled=true, browserName=firefox, handlesAlerts=true, browserConnectionEnabled=true, webStorageEnabled=true, nativeEvents=false, rotatable=false, locationContextEnabled=true, applicationCacheEnabled=true, takesScreenshot=true, version=30.0}]
	at sun.reflect.NativeConstructorAccessorImpl.newInstance0(Native Method)
	at sun.reflect.NativeConstructorAccessorImpl.newInstance(Unknown Source)
	at sun.reflect.DelegatingConstructorAccessorImpl.newInstance(Unknown Source)
	at java.lang.reflect.Constructor.newInstance(Unknown Source)
	at org.openqa.selenium.remote.ErrorHandler.createThrowable(ErrorHandler.java:193)
	at org.openqa.selenium.remote.ErrorHandler.throwIfResponseFailed(ErrorHandler.java:145)
	at org.openqa.selenium.remote.RemoteWebDriver.execute(RemoteWebDriver.java:595)
	at org.openqa.selenium.remote.RemoteWebDriver.findElement(RemoteWebDriver.java:348)
	at org.openqa.selenium.remote.RemoteWebDriver.findElementByXPath(RemoteWebDriver.java:445)
	at org.openqa.selenium.By$ByXPath.findElement(By.java:357)
	at org.openqa.selenium.remote.RemoteWebDriver.findElement(RemoteWebDriver.java:340)
	at com.example.test.MKAdminCreateANewInvitationProd.testMKAdminUseANewInvitation(MKAdminCreateANewInvitationProd.java:87)
	at sun.reflect.NativeMethodAccessorImpl.invoke0(Native Method)
	at sun.reflect.NativeMethodAccessorImpl.invoke(Unknown Source)
	at sun.reflect.DelegatingMethodAccessorImpl.invoke(Unknown Source)
	at java.lang.reflect.Method.invoke(Unknown Source)
	at org.testng.internal.MethodInvocationHelper.invokeMethod(MethodInvocationHelper.java:84)
	at org.testng.internal.Invoker.invokeMethod(Invoker.java:714)
	at org.testng.internal.Invoker.invokeTestMethod(Invoker.java:901)
	at org.testng.internal.Invoker.invokeTestMethods(Invoker.java:1231)
	at org.testng.internal.TestMethodWorker.invokeTestMethods(TestMethodWorker.java:127)
	at org.testng.internal.TestMethodWorker.run(TestMethodWorker.java:111)
	at org.testng.TestRunner.privateRun(TestRunner.java:767)
	at org.testng.TestRunner.run(TestRunner.java:617)
	at org.testng.SuiteRunner.runTest(SuiteRunner.java:334)
	at org.testng.SuiteRunner.runSequentially(SuiteRunner.java:329)
	at org.testng.SuiteRunner.privateRun(SuiteRunner.java:291)
	at org.testng.SuiteRunner.run(SuiteRunner.java:240)
	at org.testng.SuiteRunnerWorker.runSuite(SuiteRunnerWorker.java:52)
	at org.testng.SuiteRunnerWorker.run(SuiteRunnerWorker.java:86)
	at org.testng.TestNG.runSuitesSequentially(TestNG.java:1224)
	at org.testng.TestNG.runSuitesLocally(TestNG.java:1149)
	at org.testng.TestNG.run(TestNG.java:1057)
	at org.testng.remote.RemoteTestNG.run(RemoteTestNG.java:111)
	at org.testng.remote.RemoteTestNG.initAndRun(RemoteTestNG.java:204)
	at org.testng.remote.RemoteTestNG.main(RemoteTestNG.java:175)
Caused by: org.openqa.selenium.remote.ErrorHandler$UnknownServerException: Unable to locate element: {&quot;method&quot;:&quot;xpath&quot;,&quot;selector&quot;:&quot;//div[@id=&apos;uvTab&apos;]/../div[2]/form/input[2]&quot;}
Build info: version: &apos;2.41.0&apos;, revision: &apos;3192d8a&apos;, time: &apos;2014-03-27 17:18:15&apos;
System info: host: &apos;Illya-PC&apos;, ip: &apos;192.168.0.87&apos;, os.name: &apos;Windows 7&apos;, os.arch: &apos;amd64&apos;, os.version: &apos;6.1&apos;, java.version: &apos;1.7.0_55&apos;
Driver info: driver.version: unknown
	at &lt;anonymous class&gt;.FirefoxDriver.prototype.findElementInternal_(file:///C:/Users/Illya/AppData/Local/Temp/anonymous2799781292456557410webdriver-profile/extensions/fxdriver@googlecode.com/components/driver_component.js:8905:7)
	at &lt;anonymous class&gt;.fxdriver.Timer.prototype.setTimeout/&lt;.notify(file:///C:/Users/Illya/AppData/Local/Temp/anonymous2799781292456557410webdriver-profile/extensions/fxdriver@googlecode.com/components/driver_component.js:396:5)
</pre></div></td>
<td>129</td>
<td>com.example.test.MKAdminCreateANewInvitationProd@6ffb110e</td></tr>
<tr>
<td title='com.example.test.MKAdminPagesLoggedInProd.testMKAdminUsersPage()'><b>testMKAdminUsersPage</b><br>Test class: com.example.test.MKAdminPagesLoggedInProd</td>
<td><div><pre>org.junit.ComparisonFailure: expected:&lt;[Alex]&gt; but was:&lt;[(mysticalbasket@gmail)]&gt;
	at org.junit.Assert.assertEquals(Assert.java:115)
	at org.junit.Assert.assertEquals(Assert.java:144)
	at com.example.test.MKAdminPagesLoggedInProd.testMKAdminUsersPage(MKAdminPagesLoggedInProd.java:539)
... Removed 24 stack frames</pre></div><a href='#' onClick='toggleBox("stack-trace1980722644", this, "Click to show all stack frames", "Click to hide stack frames")'>Click to show all stack frames</a>
<div class='stack-trace' id='stack-trace1980722644'><pre>org.junit.ComparisonFailure: expected:&lt;[Alex]&gt; but was:&lt;[(mysticalbasket@gmail)]&gt;
	at org.junit.Assert.assertEquals(Assert.java:115)
	at org.junit.Assert.assertEquals(Assert.java:144)
	at com.example.test.MKAdminPagesLoggedInProd.testMKAdminUsersPage(MKAdminPagesLoggedInProd.java:539)
	at sun.reflect.NativeMethodAccessorImpl.invoke0(Native Method)
	at sun.reflect.NativeMethodAccessorImpl.invoke(Unknown Source)
	at sun.reflect.DelegatingMethodAccessorImpl.invoke(Unknown Source)
	at java.lang.reflect.Method.invoke(Unknown Source)
	at org.testng.internal.MethodInvocationHelper.invokeMethod(MethodInvocationHelper.java:84)
	at org.testng.internal.Invoker.invokeMethod(Invoker.java:714)
	at org.testng.internal.Invoker.invokeTestMethod(Invoker.java:901)
	at org.testng.internal.Invoker.invokeTestMethods(Invoker.java:1231)
	at org.testng.internal.TestMethodWorker.invokeTestMethods(TestMethodWorker.java:127)
	at org.testng.internal.TestMethodWorker.run(TestMethodWorker.java:111)
	at org.testng.TestRunner.privateRun(TestRunner.java:767)
	at org.testng.TestRunner.run(TestRunner.java:617)
	at org.testng.SuiteRunner.runTest(SuiteRunner.java:334)
	at org.testng.SuiteRunner.runSequentially(SuiteRunner.java:329)
	at org.testng.SuiteRunner.privateRun(SuiteRunner.java:291)
	at org.testng.SuiteRunner.run(SuiteRunner.java:240)
	at org.testng.SuiteRunnerWorker.runSuite(SuiteRunnerWorker.java:52)
	at org.testng.SuiteRunnerWorker.run(SuiteRunnerWorker.java:86)
	at org.testng.TestNG.runSuitesSequentially(TestNG.java:1224)
	at org.testng.TestNG.runSuitesLocally(TestNG.java:1149)
	at org.testng.TestNG.run(TestNG.java:1057)
	at org.testng.remote.RemoteTestNG.run(RemoteTestNG.java:111)
	at org.testng.remote.RemoteTestNG.initAndRun(RemoteTestNG.java:204)
	at org.testng.remote.RemoteTestNG.main(RemoteTestNG.java:175)
</pre></div></td>
<td>138</td>
<td>com.example.test.MKAdminPagesLoggedInProd@7c24d892</td></tr>
<tr>
<td title='com.example.test.OrderKitInstructionsPageProd.testOrderKitInstructionsPage()'><b>testOrderKitInstructionsPage</b><br>Test class: com.example.test.OrderKitInstructionsPageProd</td>
<td><div><pre>org.openqa.selenium.NoSuchElementException: Unable to locate element: {&quot;method&quot;:&quot;xpath&quot;,&quot;selector&quot;:&quot;//div[@id=&apos;kit_detail&apos;]//div/div/h4&quot;}
Command duration or timeout: 30.74 seconds
For documentation on this error, please visit: http://seleniumhq.org/exceptions/no_such_element.html
Build info: version: &apos;2.41.0&apos;, revision: &apos;3192d8a&apos;, time: &apos;2014-03-27 17:18:15&apos;
System info: host: &apos;Illya-PC&apos;, ip: &apos;192.168.0.87&apos;, os.name: &apos;Windows 7&apos;, os.arch: &apos;amd64&apos;, os.version: &apos;6.1&apos;, java.version: &apos;1.7.0_55&apos;
Session ID: 9ae2b897-39a0-494f-ac08-d82f23bc6857
Driver info: org.openqa.selenium.firefox.FirefoxDriver
Capabilities [{platform=XP, acceptSslCerts=true, javascriptEnabled=true, cssSelectorsEnabled=true, databaseEnabled=true, browserName=firefox, handlesAlerts=true, browserConnectionEnabled=true, webStorageEnabled=true, nativeEvents=false, rotatable=false, locationContextEnabled=true, applicationCacheEnabled=true, takesScreenshot=true, version=30.0}]
	at org.openqa.selenium.remote.ErrorHandler.createThrowable(ErrorHandler.java:193)
	at org.openqa.selenium.remote.ErrorHandler.throwIfResponseFailed(ErrorHandler.java:145)
	at org.openqa.selenium.remote.RemoteWebDriver.execute(RemoteWebDriver.java:595)
	at org.openqa.selenium.remote.RemoteWebDriver.findElement(RemoteWebDriver.java:348)
	at org.openqa.selenium.remote.RemoteWebDriver.findElementByXPath(RemoteWebDriver.java:445)
	at org.openqa.selenium.By$ByXPath.findElement(By.java:357)
	at org.openqa.selenium.remote.RemoteWebDriver.findElement(RemoteWebDriver.java:340)
	at com.example.test.OrderKitInstructionsPageProd.testOrderKitInstructionsPage(OrderKitInstructionsPageProd.java:61)
Caused by: org.openqa.selenium.remote.ErrorHandler$UnknownServerException: Unable to locate element: {&quot;method&quot;:&quot;xpath&quot;,&quot;selector&quot;:&quot;//div[@id=&apos;kit_detail&apos;]//div/div/h4&quot;}
Build info: version: &apos;2.41.0&apos;, revision: &apos;3192d8a&apos;, time: &apos;2014-03-27 17:18:15&apos;
System info: host: &apos;Illya-PC&apos;, ip: &apos;192.168.0.87&apos;, os.name: &apos;Windows 7&apos;, os.arch: &apos;amd64&apos;, os.version: &apos;6.1&apos;, java.version: &apos;1.7.0_55&apos;
Driver info: driver.version: unknown
	at &lt;anonymous class&gt;.FirefoxDriver.prototype.findElementInternal_(file:///C:/Users/Illya/AppData/Local/Temp/anonymous7182311349647879174webdriver-profile/extensions/fxdriver@googlecode.com/components/driver_component.js:8905:7)
	at &lt;anonymous class&gt;.fxdriver.Timer.prototype.setTimeout/&lt;.notify(file:///C:/Users/Illya/AppData/Local/Temp/anonymous7182311349647879174webdriver-profile/extensions/fxdriver@googlecode.com/components/driver_component.js:396:5)
... Removed 28 stack frames</pre></div><a href='#' onClick='toggleBox("stack-trace949493063", this, "Click to show all stack frames", "Click to hide stack frames")'>Click to show all stack frames</a>
<div class='stack-trace' id='stack-trace949493063'><pre>org.openqa.selenium.NoSuchElementException: Unable to locate element: {&quot;method&quot;:&quot;xpath&quot;,&quot;selector&quot;:&quot;//div[@id=&apos;kit_detail&apos;]//div/div/h4&quot;}
Command duration or timeout: 30.74 seconds
For documentation on this error, please visit: http://seleniumhq.org/exceptions/no_such_element.html
Build info: version: &apos;2.41.0&apos;, revision: &apos;3192d8a&apos;, time: &apos;2014-03-27 17:18:15&apos;
System info: host: &apos;Illya-PC&apos;, ip: &apos;192.168.0.87&apos;, os.name: &apos;Windows 7&apos;, os.arch: &apos;amd64&apos;, os.version: &apos;6.1&apos;, java.version: &apos;1.7.0_55&apos;
Session ID: 9ae2b897-39a0-494f-ac08-d82f23bc6857
Driver info: org.openqa.selenium.firefox.FirefoxDriver
Capabilities [{platform=XP, acceptSslCerts=true, javascriptEnabled=true, cssSelectorsEnabled=true, databaseEnabled=true, browserName=firefox, handlesAlerts=true, browserConnectionEnabled=true, webStorageEnabled=true, nativeEvents=false, rotatable=false, locationContextEnabled=true, applicationCacheEnabled=true, takesScreenshot=true, version=30.0}]
	at sun.reflect.NativeConstructorAccessorImpl.newInstance0(Native Method)
	at sun.reflect.NativeConstructorAccessorImpl.newInstance(Unknown Source)
	at sun.reflect.DelegatingConstructorAccessorImpl.newInstance(Unknown Source)
	at java.lang.reflect.Constructor.newInstance(Unknown Source)
	at org.openqa.selenium.remote.ErrorHandler.createThrowable(ErrorHandler.java:193)
	at org.openqa.selenium.remote.ErrorHandler.throwIfResponseFailed(ErrorHandler.java:145)
	at org.openqa.selenium.remote.RemoteWebDriver.execute(RemoteWebDriver.java:595)
	at org.openqa.selenium.remote.RemoteWebDriver.findElement(RemoteWebDriver.java:348)
	at org.openqa.selenium.remote.RemoteWebDriver.findElementByXPath(RemoteWebDriver.java:445)
	at org.openqa.selenium.By$ByXPath.findElement(By.java:357)
	at org.openqa.selenium.remote.RemoteWebDriver.findElement(RemoteWebDriver.java:340)
	at com.example.test.OrderKitInstructionsPageProd.testOrderKitInstructionsPage(OrderKitInstructionsPageProd.java:61)
	at sun.reflect.NativeMethodAccessorImpl.invoke0(Native Method)
	at sun.reflect.NativeMethodAccessorImpl.invoke(Unknown Source)
	at sun.reflect.DelegatingMethodAccessorImpl.invoke(Unknown Source)
	at java.lang.reflect.Method.invoke(Unknown Source)
	at org.testng.internal.MethodInvocationHelper.invokeMethod(MethodInvocationHelper.java:84)
	at org.testng.internal.Invoker.invokeMethod(Invoker.java:714)
	at org.testng.internal.Invoker.invokeTestMethod(Invoker.java:901)
	at org.testng.internal.Invoker.invokeTestMethods(Invoker.java:1231)
	at org.testng.internal.TestMethodWorker.invokeTestMethods(TestMethodWorker.java:127)
	at org.testng.internal.TestMethodWorker.run(TestMethodWorker.java:111)
	at org.testng.TestRunner.privateRun(TestRunner.java:767)
	at org.testng.TestRunner.run(TestRunner.java:617)
	at org.testng.SuiteRunner.runTest(SuiteRunner.java:334)
	at org.testng.SuiteRunner.runSequentially(SuiteRunner.java:329)
	at org.testng.SuiteRunner.privateRun(SuiteRunner.java:291)
	at org.testng.SuiteRunner.run(SuiteRunner.java:240)
	at org.testng.SuiteRunnerWorker.runSuite(SuiteRunnerWorker.java:52)
	at org.testng.SuiteRunnerWorker.run(SuiteRunnerWorker.java:86)
	at org.testng.TestNG.runSuitesSequentially(TestNG.java:1224)
	at org.testng.TestNG.runSuitesLocally(TestNG.java:1149)
	at org.testng.TestNG.run(TestNG.java:1057)
	at org.testng.remote.RemoteTestNG.run(RemoteTestNG.java:111)
	at org.testng.remote.RemoteTestNG.initAndRun(RemoteTestNG.java:204)
	at org.testng.remote.RemoteTestNG.main(RemoteTestNG.java:175)
Caused by: org.openqa.selenium.remote.ErrorHandler$UnknownServerException: Unable to locate element: {&quot;method&quot;:&quot;xpath&quot;,&quot;selector&quot;:&quot;//div[@id=&apos;kit_detail&apos;]//div/div/h4&quot;}
Build info: version: &apos;2.41.0&apos;, revision: &apos;3192d8a&apos;, time: &apos;2014-03-27 17:18:15&apos;
System info: host: &apos;Illya-PC&apos;, ip: &apos;192.168.0.87&apos;, os.name: &apos;Windows 7&apos;, os.arch: &apos;amd64&apos;, os.version: &apos;6.1&apos;, java.version: &apos;1.7.0_55&apos;
Driver info: driver.version: unknown
	at &lt;anonymous class&gt;.FirefoxDriver.prototype.findElementInternal_(file:///C:/Users/Illya/AppData/Local/Temp/anonymous7182311349647879174webdriver-profile/extensions/fxdriver@googlecode.com/components/driver_component.js:8905:7)
	at &lt;anonymous class&gt;.fxdriver.Timer.prototype.setTimeout/&lt;.notify(file:///C:/Users/Illya/AppData/Local/Temp/anonymous7182311349647879174webdriver-profile/extensions/fxdriver@googlecode.com/components/driver_component.js:396:5)
</pre></div></td>
<td>62</td>
<td>com.example.test.OrderKitInstructionsPageProd@641ab54a</td></tr>
<tr>
<td title='com.example.test.OrderKitMaterialsPageProd.testOrderKitMaterialsPage()'><b>testOrderKitMaterialsPage</b><br>Test class: com.example.test.OrderKitMaterialsPageProd</td>
<td><div><pre>org.junit.ComparisonFailure: expected:&lt;Age Group: Teen[]&gt; but was:&lt;Age Group: Teen[s &amp; Older]&gt;
	at org.junit.Assert.assertEquals(Assert.java:115)
	at org.junit.Assert.assertEquals(Assert.java:144)
	at com.example.test.OrderKitMaterialsPageProd.testOrderKitMaterialsPage(OrderKitMaterialsPageProd.java:201)
... Removed 24 stack frames</pre></div><a href='#' onClick='toggleBox("stack-trace1646373267", this, "Click to show all stack frames", "Click to hide stack frames")'>Click to show all stack frames</a>
<div class='stack-trace' id='stack-trace1646373267'><pre>org.junit.ComparisonFailure: expected:&lt;Age Group: Teen[]&gt; but was:&lt;Age Group: Teen[s &amp; Older]&gt;
	at org.junit.Assert.assertEquals(Assert.java:115)
	at org.junit.Assert.assertEquals(Assert.java:144)
	at com.example.test.OrderKitMaterialsPageProd.testOrderKitMaterialsPage(OrderKitMaterialsPageProd.java:201)
	at sun.reflect.NativeMethodAccessorImpl.invoke0(Native Method)
	at sun.reflect.NativeMethodAccessorImpl.invoke(Unknown Source)
	at sun.reflect.DelegatingMethodAccessorImpl.invoke(Unknown Source)
	at java.lang.reflect.Method.invoke(Unknown Source)
	at org.testng.internal.MethodInvocationHelper.invokeMethod(MethodInvocationHelper.java:84)
	at org.testng.internal.Invoker.invokeMethod(Invoker.java:714)
	at org.testng.internal.Invoker.invokeTestMethod(Invoker.java:901)
	at org.testng.internal.Invoker.invokeTestMethods(Invoker.java:1231)
	at org.testng.internal.TestMethodWorker.invokeTestMethods(TestMethodWorker.java:127)
	at org.testng.internal.TestMethodWorker.run(TestMethodWorker.java:111)
	at org.testng.TestRunner.privateRun(TestRunner.java:767)
	at org.testng.TestRunner.run(TestRunner.java:617)
	at org.testng.SuiteRunner.runTest(SuiteRunner.java:334)
	at org.testng.SuiteRunner.runSequentially(SuiteRunner.java:329)
	at org.testng.SuiteRunner.privateRun(SuiteRunner.java:291)
	at org.testng.SuiteRunner.run(SuiteRunner.java:240)
	at org.testng.SuiteRunnerWorker.runSuite(SuiteRunnerWorker.java:52)
	at org.testng.SuiteRunnerWorker.run(SuiteRunnerWorker.java:86)
	at org.testng.TestNG.runSuitesSequentially(TestNG.java:1224)
	at org.testng.TestNG.runSuitesLocally(TestNG.java:1149)
	at org.testng.TestNG.run(TestNG.java:1057)
	at org.testng.remote.RemoteTestNG.run(RemoteTestNG.java:111)
	at org.testng.remote.RemoteTestNG.initAndRun(RemoteTestNG.java:204)
	at org.testng.remote.RemoteTestNG.main(RemoteTestNG.java:175)
</pre></div></td>
<td>37</td>
<td>com.example.test.OrderKitMaterialsPageProd@53ec7c56</td></tr>
<tr>
<td title='com.example.test.OrderKitToolsPageProd.testOrderKitToolsPage()'><b>testOrderKitToolsPage</b><br>Test class: com.example.test.OrderKitToolsPageProd</td>
<td><div><pre>org.junit.ComparisonFailure: expected:&lt;Age Group: Teen[s &amp; Older]&gt; but was:&lt;Age Group: Teen[]&gt;
	at org.junit.Assert.assertEquals(Assert.java:115)
	at org.junit.Assert.assertEquals(Assert.java:144)
	at com.example.test.OrderKitToolsPageProd.testOrderKitToolsPage(OrderKitToolsPageProd.java:221)
... Removed 24 stack frames</pre></div><a href='#' onClick='toggleBox("stack-trace1158053098", this, "Click to show all stack frames", "Click to hide stack frames")'>Click to show all stack frames</a>
<div class='stack-trace' id='stack-trace1158053098'><pre>org.junit.ComparisonFailure: expected:&lt;Age Group: Teen[s &amp; Older]&gt; but was:&lt;Age Group: Teen[]&gt;
	at org.junit.Assert.assertEquals(Assert.java:115)
	at org.junit.Assert.assertEquals(Assert.java:144)
	at com.example.test.OrderKitToolsPageProd.testOrderKitToolsPage(OrderKitToolsPageProd.java:221)
	at sun.reflect.NativeMethodAccessorImpl.invoke0(Native Method)
	at sun.reflect.NativeMethodAccessorImpl.invoke(Unknown Source)
	at sun.reflect.DelegatingMethodAccessorImpl.invoke(Unknown Source)
	at java.lang.reflect.Method.invoke(Unknown Source)
	at org.testng.internal.MethodInvocationHelper.invokeMethod(MethodInvocationHelper.java:84)
	at org.testng.internal.Invoker.invokeMethod(Invoker.java:714)
	at org.testng.internal.Invoker.invokeTestMethod(Invoker.java:901)
	at org.testng.internal.Invoker.invokeTestMethods(Invoker.java:1231)
	at org.testng.internal.TestMethodWorker.invokeTestMethods(TestMethodWorker.java:127)
	at org.testng.internal.TestMethodWorker.run(TestMethodWorker.java:111)
	at org.testng.TestRunner.privateRun(TestRunner.java:767)
	at org.testng.TestRunner.run(TestRunner.java:617)
	at org.testng.SuiteRunner.runTest(SuiteRunner.java:334)
	at org.testng.SuiteRunner.runSequentially(SuiteRunner.java:329)
	at org.testng.SuiteRunner.privateRun(SuiteRunner.java:291)
	at org.testng.SuiteRunner.run(SuiteRunner.java:240)
	at org.testng.SuiteRunnerWorker.runSuite(SuiteRunnerWorker.java:52)
	at org.testng.SuiteRunnerWorker.run(SuiteRunnerWorker.java:86)
	at org.testng.TestNG.runSuitesSequentially(TestNG.java:1224)
	at org.testng.TestNG.runSuitesLocally(TestNG.java:1149)
	at org.testng.TestNG.run(TestNG.java:1057)
	at org.testng.remote.RemoteTestNG.run(RemoteTestNG.java:111)
	at org.testng.remote.RemoteTestNG.initAndRun(RemoteTestNG.java:204)
	at org.testng.remote.RemoteTestNG.main(RemoteTestNG.java:175)
</pre></div></td>
<td>40</td>
<td>com.example.test.OrderKitToolsPageProd@347e5c86</td></tr>
</table><p>
<table width='100%' border='1' class='invocation-passed'>
<tr><td colspan='4' align='center'><b>PASSED TESTS</b></td></tr>
<tr><td><b>Test method</b></td>
<td width="30%"><b>Exception</b></td>
<td width="10%"><b>Time (seconds)</b></td>
<td><b>Instance</b></td>
</tr>
<tr>
<td title='com.example.test.MkCreateNewKitDeployProd.testCreateAKit()'><b>testCreateAKit</b><br>Test class: com.example.test.MkCreateNewKitDeployProd</td>
<td></td>
<td>253</td>
<td>com.example.test.MkCreateNewKitDeployProd@570698ea</td></tr>
<tr>
<td title='com.example.test.MKAdminPagesLoggedInProd.testMKAdminEarningsPage()'><b>testMKAdminEarningsPage</b><br>Test class: com.example.test.MKAdminPagesLoggedInProd</td>
<td></td>
<td>103</td>
<td>com.example.test.MKAdminPagesLoggedInProd@7c24d892</td></tr>
<tr>
<td title='com.example.test.MKAdminPagesLoggedInProd.testMKAdminInvitationsPage()'><b>testMKAdminInvitationsPage</b><br>Test class: com.example.test.MKAdminPagesLoggedInProd</td>
<td></td>
<td>91</td>
<td>com.example.test.MKAdminPagesLoggedInProd@7c24d892</td></tr>
<tr>
<td title='com.example.test.MKAdminPagesLoggedInProd.testMKAdminOOSKitsPage()'><b>testMKAdminOOSKitsPage</b><br>Test class: com.example.test.MKAdminPagesLoggedInProd</td>
<td></td>
<td>86</td>
<td>com.example.test.MKAdminPagesLoggedInProd@7c24d892</td></tr>
<tr>
<td title='com.example.test.MKAdminPagesLoggedInProd.testMKAdminSubaffiliatesPage()'><b>testMKAdminSubaffiliatesPage</b><br>Test class: com.example.test.MKAdminPagesLoggedInProd</td>
<td></td>
<td>82</td>
<td>com.example.test.MKAdminPagesLoggedInProd@7c24d892</td></tr>
<tr>
<td title='com.example.test.MKAdminPagesLoggedInProd.testMKAdminWarnedKitsPage()'><b>testMKAdminWarnedKitsPage</b><br>Test class: com.example.test.MKAdminPagesLoggedInProd</td>
<td></td>
<td>95</td>
<td>com.example.test.MKAdminPagesLoggedInProd@7c24d892</td></tr>
<tr>
<td title='com.example.test.MKBuyAKitProd.testMKBuyAKitLoggedIn()'><b>testMKBuyAKitLoggedIn</b><br>Test class: com.example.test.MKBuyAKitProd</td>
<td></td>
<td>155</td>
<td>com.example.test.MKBuyAKitProd@1574409e</td></tr>
<tr>
<td title='com.example.test.MKBuyAKitProd.testMKBuyAKitNotLoggedIn()'><b>testMKBuyAKitNotLoggedIn</b><br>Test class: com.example.test.MKBuyAKitProd</td>
<td></td>
<td>55</td>
<td>com.example.test.MKBuyAKitProd@1574409e</td></tr>
<tr>
<td title='com.example.test.MKSearchForKitProd.testMKSearchByCategory()'><b>testMKSearchByCategory</b><br>Test class: com.example.test.MKSearchForKitProd</td>
<td></td>
<td>44</td>
<td>com.example.test.MKSearchForKitProd@33e5013</td></tr>
<tr>
<td title='com.example.test.MKSearchForKitProd.testMKSearchByRecommendedNowTrendingKits()'><b>testMKSearchByRecommendedNowTrendingKits</b><br>Test class: com.example.test.MKSearchForKitProd</td>
<td></td>
<td>40</td>
<td>com.example.test.MKSearchForKitProd@33e5013</td></tr>
<tr>
<td title='com.example.test.MKSearchForKitProd.testMKSearchForKitByKitterName()'><b>testMKSearchForKitByKitterName</b><br>Test class: com.example.test.MKSearchForKitProd</td>
<td></td>
<td>254</td>
<td>com.example.test.MKSearchForKitProd@33e5013</td></tr>
<tr>
<td title='com.example.test.MKAdminCreateANewInvitationProd.testRegisterWithClaimedInvitation()'><b>testRegisterWithClaimedInvitation</b><br>Test class: com.example.test.MKAdminCreateANewInvitationProd</td>
<td></td>
<td>31</td>
<td>com.example.test.MKAdminCreateANewInvitationProd@6ffb110e</td></tr>
<tr>
<td title='com.example.test.MKAdminCreateANewInvitationProd.testRegisterWithExpiredInvitation()'><b>testRegisterWithExpiredInvitation</b><br>Test class: com.example.test.MKAdminCreateANewInvitationProd</td>
<td></td>
<td>46</td>
<td>com.example.test.MKAdminCreateANewInvitationProd@6ffb110e</td></tr>
<tr>
<td title='com.example.test.MKSearchForKitProd.testSearchForKitByString()'><b>testSearchForKitByString</b><br>Test class: com.example.test.MKSearchForKitProd</td>
<td></td>
<td>46</td>
<td>com.example.test.MKSearchForKitProd@33e5013</td></tr>
<tr>
<td title='com.example.test.SearchKitAgeDifficultyTimeProd.testSearchKitAgeDifficulty()'><b>testSearchKitAgeDifficulty</b><br>Test class: com.example.test.SearchKitAgeDifficultyTimeProd</td>
<td></td>
<td>21</td>
<td>com.example.test.SearchKitAgeDifficultyTimeProd@67e2f794</td></tr>
<tr>
<td title='com.example.test.SearchKitOtherLinksAndLablesProd.testSearchKitBottomPage()'><b>testSearchKitBottomPage</b><br>Test class: com.example.test.SearchKitOtherLinksAndLablesProd</td>
<td></td>
<td>18</td>
<td>com.example.test.SearchKitOtherLinksAndLablesProd@4ad71d25</td></tr>
<tr>
<td title='com.example.test.SearchKitAgeDifficultyTimeProd.testSearchKitCostTime()'><b>testSearchKitCostTime</b><br>Test class: com.example.test.SearchKitAgeDifficultyTimeProd</td>
<td></td>
<td>83</td>
<td>com.example.test.SearchKitAgeDifficultyTimeProd@67e2f794</td></tr>
<tr>
<td title='com.example.test.SearchKitAgeDifficultyTimeProd.testSearchKitSocialMedia()'><b>testSearchKitSocialMedia</b><br>Test class: com.example.test.SearchKitAgeDifficultyTimeProd</td>
<td></td>
<td>18</td>
<td>com.example.test.SearchKitAgeDifficultyTimeProd@67e2f794</td></tr>
<tr>
<td title='com.example.test.SearchKitOtherLinksAndLablesProd.testSearchKitUpperLabels()'><b>testSearchKitUpperLabels</b><br>Test class: com.example.test.SearchKitOtherLinksAndLablesProd</td>
<td></td>
<td>20</td>
<td>com.example.test.SearchKitOtherLinksAndLablesProd@4ad71d25</td></tr>
<tr>
<td title='com.example.test.SearchKitsAboutDropdownNotLoggedInProd.testSearchKitsAboutDropdownNotLoggedIn()'><b>testSearchKitsAboutDropdownNotLoggedIn</b><br>Test class: com.example.test.SearchKitsAboutDropdownNotLoggedInProd</td>
<td></td>
<td>170</td>
<td>com.example.test.SearchKitsAboutDropdownNotLoggedInProd@65ec4ad4</td></tr>
<tr>
<td title='com.example.test.MKSearchKitsCategoriesProd.testSearchKitsCategories()'><b>testSearchKitsCategories</b><br>Test class: com.example.test.MKSearchKitsCategoriesProd</td>
<td></td>
<td>42</td>
<td>com.example.test.MKSearchKitsCategoriesProd@3d04f4f9</td></tr>
<tr>
<td title='com.example.test.SearchKitsHelpDropdownNotLoggedInProd.testSearchKitsHelpDropdownNotLoggedIn()'><b>testSearchKitsHelpDropdownNotLoggedIn</b><br>Test class: com.example.test.SearchKitsHelpDropdownNotLoggedInProd</td>
<td></td>
<td>40</td>
<td>com.example.test.SearchKitsHelpDropdownNotLoggedInProd@61a243f1</td></tr>
<tr>
<td title='com.example.test.SearchKitsSubCategoriesProd.testSearchKitsSubCategories()'><b>testSearchKitsSubCategories</b><br>Test class: com.example.test.SearchKitsSubCategoriesProd</td>
<td></td>
<td>352</td>
<td>com.example.test.SearchKitsSubCategoriesProd@4c1ce791</td></tr>
</table><p>
</body>
</html>